ON 0 0
ON 0 1
ON 0 2
ON 0 3
ON 0 4
ON 0 5
ON 0 6
ON 0 7
ON 0 8
ON 0 9
ON 0 10
ON 0 11
ON 0 12
ON 0 13
ON 0 14
ON 0 15
ON 0 16
ON 0 17
ON 0 18
ON 0 19
OFF 33 3
OFF 373 2
OFF 391 11
ON 845 11
OFF 1842 1
ON 2639 1
OFF 3119 1
ON 3298 1
OFF 3447 16
ON 3821 16
OFF 4669 1
OFF 4705 14
ON 5323 14
ON 5418 1
OFF 5697 1
OFF 6042 14
ON 6543 14
OFF 7723 14
ON 8255 14
OFF 9335 14
ON 9454 14
OFF 9758 14
ON 10083 14
ON 10280 1
OFF 11120 14
ON 11329 14
OFF 11523 19
OFF 11783 14
OFF 11918 5
ON 12610 14
ON 12733 5
ON 12953 3
OFF 13083 14
ON 13849 19
OFF 13975 8
ON 14425 8
ON 14934 14
OFF 14948 14
ON 15454 14
OFF 15541 14
OFF 16108 11
OFF 16525 12
ON 16580 11
ON 16826 14
ON 17733 12
OFF 21545 15
ON 21701 15
OFF 21752 17
ON 21959 17
ON 22017 2
OFF 22018 2
OFF 22073 15
ON 22087 15
OFF 22308 15
ON 22963 15
OFF 24179 15
ON 24626 15
OFF 24708 15
ON 24753 15
OFF 25660 18
ON 25718 18
OFF 25933 15
OFF 26007 18
ON 26349 18
ON 27439 15
OFF 27533 18
OFF 27562 15
ON 27635 18
ON 27776 15
OFF 27859 15
ON 27966 15
OFF 28042 15
OFF 28883 18
ON 29190 18
OFF 29218 18
ON 29279 18
ON 30034 15
OFF 30093 15
ON 30248 15
OFF 30560 17
OFF 30928 18
ON 30953 17
ON 31074 18
OFF 31304 17
ON 31388 17
OFF 31774 17
ON 32011 17
OFF 32353 17
ON 33293 17
OFF 33938 17
OFF 34447 18
ON 34482 17
ON 34512 18
OFF 34839 17
ON 34878 17
OFF 35112 18
ON 35457 18
OFF 36330 17
ON 36851 17
OFF 36884 17
ON 37188 2
ON 38558 17
OFF 41181 18
ON 41559 18
OFF 44383 16
ON 44690 16
OFF 45477 16
ON 45589 16
OFF 47047 11
OFF 49288 12
ON 49574 12
OFF 49602 5
ON 49894 5
OFF 50070 5
OFF 50716 6
OFF 51200 12
ON 51495 12
ON 54861 11
ON 57992 6
OFF 59247 19
OFF 59730 2
ON 59991 19
OFF 60203 0
ON 60760 0
OFF 62006 6
ON 62291 6
ON 64984 2
OFF 66418 11
OFF 67545 0
ON 68341 0
ON 68781 5
OFF 69466 12
OFF 69902 8
ON 69994 8
OFF 71050 9
ON 71250 9
OFF 71503 9
OFF 71668 4
ON 71980 4
OFF 72025 4
ON 72092 4
OFF 72167 4
ON 72513 9
ON 72549 4
OFF 72653 9
OFF 72733 4
ON 73166 4
OFF 73393 4
ON 73491 9
OFF 73891 9
ON 74252 4
OFF 74262 4
ON 74375 9
ON 74486 4
OFF 74512 4
ON 74541 4
OFF 75402 4
ON 75466 4
OFF 75645 4
ON 75701 4
OFF 76142 4
ON 76797 4
ON 76937 11
OFF 82585 17
OFF 83035 7
ON 83338 7
ON 86186 17
